dh_prep
dh_installdirs
dh_install
dh_installchangelogs
dh_installdocs
dh_installexamples
dh_installman
dh_link
dh_strip
dh_compress
dh_fixperms
dh_makeshlibs
dh_installdeb
dh_gencontrol
dh_md5sums
dh_builddeb
dh_prep
dh_installdirs
dh_install
dh_installchangelogs
dh_installdocs
dh_installexamples
dh_installman
dh_link
dh_strip
dh_compress
dh_fixperms
dh_makeshlibs
dh_installdeb
dh_gencontrol
dh_md5sums
dh_builddeb
dh_prep
dh_installdirs
dh_install
dh_installchangelogs
dh_installdocs
dh_installexamples
dh_installman
dh_link
dh_strip
dh_compress
dh_fixperms
dh_makeshlibs
dh_installdeb
dh_gencontrol
dh_md5sums
dh_builddeb
dh_prep
dh_installdirs
dh_install
dh_installchangelogs
dh_installdocs
dh_installexamples
dh_installman
dh_link
dh_strip
dh_compress
dh_fixperms
dh_makeshlibs
dh_installdeb
dh_gencontrol
dh_md5sums
dh_builddeb
dh_prep
dh_installdirs
dh_install
dh_installchangelogs
dh_installdocs
dh_installexamples
dh_installman
dh_link
dh_strip
dh_compress
dh_fixperms
dh_makeshlibs
dh_installdeb
dh_gencontrol
dh_md5sums
dh_builddeb
dh_prep
dh_installdirs
dh_install
dh_installchangelogs
dh_installdocs
dh_installexamples
dh_installman
dh_link
dh_strip
dh_compress
dh_fixperms
dh_makeshlibs
dh_installdeb
dh_gencontrol
dh_md5sums
dh_builddeb
dh_prep
dh_installdirs
dh_install
dh_installchangelogs
dh_installdocs
dh_installexamples
dh_installman
dh_link
dh_strip
dh_compress
dh_fixperms
dh_makeshlibs
dh_installdeb
dh_gencontrol
dh_md5sums
dh_builddeb
dh_prep
dh_installdirs
dh_install
dh_installchangelogs
dh_installdocs
dh_installexamples
dh_installman
dh_link
dh_strip
dh_compress
dh_fixperms
dh_makeshlibs
dh_installdeb
dh_gencontrol
dh_md5sums
dh_builddeb
dh_prep
dh_installdirs
dh_install
dh_installchangelogs
dh_installdocs
dh_installexamples
dh_installman
dh_link
dh_strip
dh_compress
dh_fixperms
dh_makeshlibs
dh_installdeb
dh_gencontrol
dh_md5sums
dh_builddeb
